#
# There is insufficient memory for the Java Runtime Environment to continue.
# Native memory allocation (malloc) failed to allocate 32744 bytes for ChunkPool::allocate
# Possible reasons:
#   The system is out of physical RAM or swap space
#   In 32 bit mode, the process size limit was hit
# Possible solutions:
#   Reduce memory load on the system
#   Increase physical memory or swap space
#   Check if swap backing store is full
#   Use 64 bit Java on a 64 bit OS
#   Decrease Java heap size (-Xmx/-Xms)
#   Decrease number of Java threads
#   Decrease Java thread stack sizes (-Xss)
#   Set larger code cache with -XX:ReservedCodeCacheSize=
# This output file may be truncated or incomplete.
#
#  Out of Memory Error (allocation.cpp:273), pid=4184, tid=160
#
# JRE version: Java(TM) SE Runtime Environment (8.0_72-b15) (build 1.8.0_72-b15)
# Java VM: Java HotSpot(TM) 64-Bit Server VM (25.72-b15 mixed mode windows-amd64 compressed oops)
# Failed to write core dump. Minidumps are not enabled by default on client versions of Windows
#

---------------  T H R E A D  ---------------

Current thread (0x0000000017726800):  JavaThread "C1 CompilerThread2" daemon [_thread_in_native, id=160, stack(0x0000000019160000,0x0000000019260000)]

Stack: [0x0000000019160000,0x0000000019260000]
[error occurred during error reporting (printing stack bounds), id 0xc0000005]

Native frames: (J=compiled Java code, j=interpreted, Vv=VM code, C=native code)


Current CompileTask:
C1: 602292 2982       3       com.sun.media.sound.DirectAudioDevice$DirectDL::implOpen (508 bytes)


---------------  P R O C E S S  ---------------

Java Threads: ( => current thread )
  0x000000001b0ee800 JavaThread "TimerQueue" daemon [_thread_blocked, id=4256, stack(0x0000000019d70000,0x0000000019e70000)]
  0x000000001a661000 JavaThread "Java Sound Event Dispatcher" daemon [_thread_blocked, id=2612, stack(0x000000001cb50000,0x000000001cc50000)]
  0x0000000002af0800 JavaThread "DestroyJavaVM" [_thread_blocked, id=2872, stack(0x0000000002900000,0x0000000002a00000)]
  0x000000001a2f1000 JavaThread "Thread-2" [_thread_in_native, id=4384, stack(0x000000001c790000,0x000000001c890000)]
  0x000000001a249800 JavaThread "AWT-EventQueue-0" [_thread_blocked, id=3136, stack(0x000000001ae80000,0x000000001af80000)]
  0x0000000019550800 JavaThread "AWT-Windows" daemon [_thread_in_native, id=2652, stack(0x0000000019b70000,0x0000000019c70000)]
  0x0000000019546000 JavaThread "AWT-Shutdown" [_thread_blocked, id=1920, stack(0x0000000019a70000,0x0000000019b70000)]
  0x0000000019544000 JavaThread "Java2D Disposer" daemon [_thread_blocked, id=3976, stack(0x0000000019970000,0x0000000019a70000)]
  0x0000000019291000 JavaThread "Service Thread" daemon [_thread_blocked, id=2796, stack(0x0000000019660000,0x0000000019760000)]
=>0x0000000017726800 JavaThread "C1 CompilerThread2" daemon [_thread_in_native, id=160, stack(0x0000000019160000,0x0000000019260000)]
  0x0000000017723800 JavaThread "C2 CompilerThread1" daemon [_thread_blocked, id=2304, stack(0x0000000019060000,0x0000000019160000)]
  0x000000001771c800 JavaThread "C2 CompilerThread0" daemon [_thread_blocked, id=2628, stack(0x0000000018f60000,0x0000000019060000)]
  0x000000001771a800 JavaThread "Attach Listener" daemon [_thread_blocked, id=1732, stack(0x0000000018e60000,0x0000000018f60000)]
  0x0000000017719000 JavaThread "Signal Dispatcher" daemon [_thread_blocked, id=3820, stack(0x0000000018d60000,0x0000000018e60000)]
  0x000000001770a000 JavaThread "Finalizer" daemon [_thread_blocked, id=2876, stack(0x0000000018980000,0x0000000018a80000)]
  0x0000000002bdf000 JavaThread "Reference Handler" daemon [_thread_blocked, id=4844, stack(0x0000000018880000,0x0000000018980000)]

Other Threads:
  0x00000000176e7800 VMThread [stack: 0x0000000018780000,0x0000000018880000] [id=3568]
  0x0000000019294000 WatcherThread [stack: 0x0000000019760000,0x0000000019860000] [id=3440]

VM state:not at safepoint (normal execution)

VM Mutex/Monitor currently owned by a thread: None

Heap:
 PSYoungGen      total 120320K, used 95437K [0x00000000d5f00000, 0x00000000dee80000, 0x0000000100000000)
  eden space 117248K, 80% used [0x00000000d5f00000,0x00000000dbad3458,0x00000000dd180000)
  from space 3072K, 45% used [0x00000000dd180000,0x00000000dd2e0000,0x00000000dd480000)
  to   space 3072K, 0% used [0x00000000deb80000,0x00000000deb80000,0x00000000dee80000)
 ParOldGen       total 87552K, used 67648K [0x0000000081c00000, 0x0000000087180000, 0x00000000d5f00000)
  object space 87552K, 77% used [0x0000000081c00000,0x0000000085e10180,0x0000000087180000)
 Metaspace       used 14984K, capacity 15250K, committed 15488K, reserved 1062912K
  class space    used 1821K, capacity 1892K, committed 1920K, reserved 1048576K

Card table byte_map: [0x0000000011fb0000,0x00000000123b0000] byte_map_base: 0x0000000011ba2000

Marking Bits: (ParMarkBitMap*) 0x0000000064c50600
 Begin Bits: [0x0000000012a60000, 0x00000000149f0000)
 End Bits:   [0x00000000149f0000, 0x0000000016980000)

Polling page: 0x00000000028c0000

CodeCache: size=245760Kb used=8822Kb max_used=9090Kb free=236937Kb
 bounds [0x0000000002bf0000, 0x00000000034f0000, 0x0000000011bf0000]
 total_blobs=3158 nmethods=2625 adapters=444
 compilation: enabled

Compilation events (10 events):
Event: 590.970 Thread 0x0000000017723800 3012       4       java.io.PrintStream::ensureOpen (18 bytes)
Event: 591.148 Thread 0x0000000017723800 nmethod 3012 0x0000000002fe81d0 code [0x0000000002fe8300, 0x0000000002fe8378]
Event: 591.243 Thread 0x0000000017723800 3013  s    4       java.io.BufferedOutputStream::flush (12 bytes)
Event: 591.456 Thread 0x0000000017723800 nmethod 3013 0x0000000002fbe410 code [0x0000000002fbe560, 0x0000000002fbe8e8]
Event: 591.456 Thread 0x0000000017723800 3018       4       java.nio.ByteBuffer::array (35 bytes)
Event: 591.456 Thread 0x0000000017723800 nmethod 3018 0x00000000030b1410 code [0x00000000030b1540, 0x00000000030b15d8]
Event: 591.456 Thread 0x0000000017723800 3017       4       java.util.AbstractMap::<init> (5 bytes)
Event: 591.457 Thread 0x0000000017723800 nmethod 3017 0x0000000002fbe210 code [0x0000000002fbe340, 0x0000000002fbe398]
Event: 596.803 Thread 0x000000001771c800 nmethod 3001% 0x0000000002f4ad50 code [0x0000000002f4af80, 0x0000000002f4baf0]
Event: 599.501 Thread 0x0000000017726800 2982       3       com.sun.media.sound.DirectAudioDevice$DirectDL::implOpen (508 bytes)

GC Heap History (10 events):
Event: 495.839 GC heap before
{Heap before GC invocations=201 (full 0):
 PSYoungGen      total 120832K, used 120160K [0x00000000d5f00000, 0x00000000de400000, 0x0000000100000000)
  eden space 118784K, 100% used [0x00000000d5f00000,0x00000000dd300000,0x00000000dd300000)
  from space 2048K, 67% used [0x00000000dd500000,0x00000000dd658000,0x00000000dd700000)
  to   space 2048K, 0% used [0x00000000dd300000,0x00000000dd300000,0x00000000dd500000)
 ParOldGen       total 87552K, used 62560K [0x0000000081c00000, 0x0000000087180000, 0x00000000d5f00000)
  object space 87552K, 71% used [0x0000000081c00000,0x0000000085918170,0x0000000087180000)
 Metaspace       used 14958K, capacity 15186K, committed 15488K, reserved 1062912K
  class space    used 1819K, capacity 1892K, committed 1920K, reserved 1048576K
Event: 495.845 GC heap after
Heap after GC invocations=201 (full 0):
 PSYoungGen      total 115712K, used 1504K [0x00000000d5f00000, 0x00000000dd580000, 0x0000000100000000)
  eden space 114176K, 0% used [0x00000000d5f00000,0x00000000d5f00000,0x00000000dce80000)
  from space 1536K, 97% used [0x00000000dd300000,0x00000000dd478000,0x00000000dd480000)
  to   space 1024K, 0% used [0x00000000dd480000,0x00000000dd480000,0x00000000dd580000)
 ParOldGen       total 87552K, used 63240K [0x0000000081c00000, 0x0000000087180000, 0x00000000d5f00000)
  object space 87552K, 72% used [0x0000000081c00000,0x00000000859c2170,0x0000000087180000)
 Metaspace       used 14958K, capacity 15186K, committed 15488K, reserved 1062912K
  class space    used 1819K, capacity 1892K, committed 1920K, reserved 1048576K
}
Event: 506.925 GC heap before
{Heap before GC invocations=202 (full 0):
 PSYoungGen      total 115712K, used 115680K [0x00000000d5f00000, 0x00000000dd580000, 0x0000000100000000)
  eden space 114176K, 100% used [0x00000000d5f00000,0x00000000dce80000,0x00000000dce80000)
  from space 1536K, 97% used [0x00000000dd300000,0x00000000dd478000,0x00000000dd480000)
  to   space 1024K, 0% used [0x00000000dd480000,0x00000000dd480000,0x00000000dd580000)
 ParOldGen       total 87552K, used 63240K [0x0000000081c00000, 0x0000000087180000, 0x00000000d5f00000)
  object space 87552K, 72% used [0x0000000081c00000,0x00000000859c2170,0x0000000087180000)
 Metaspace       used 14958K, capacity 15186K, committed 15488K, reserved 1062912K
  class space    used 1819K, capacity 1892K, committed 1920K, reserved 1048576K
Event: 507.260 GC heap after
Heap after GC invocations=202 (full 0):
 PSYoungGen      total 118784K, used 1024K [0x00000000d5f00000, 0x00000000dea00000, 0x0000000100000000)
  eden space 117760K, 0% used [0x00000000d5f00000,0x00000000d5f00000,0x00000000dd200000)
  from space 1024K, 100% used [0x00000000dd480000,0x00000000dd580000,0x00000000dd580000)
  to   space 2560K, 0% used [0x00000000dd200000,0x00000000dd200000,0x00000000dd480000)
 ParOldGen       total 87552K, used 64360K [0x0000000081c00000, 0x0000000087180000, 0x00000000d5f00000)
  object space 87552K, 73% used [0x0000000081c00000,0x0000000085ada170,0x0000000087180000)
 Metaspace       used 14958K, capacity 15186K, committed 15488K, reserved 1062912K
  class space    used 1819K, capacity 1892K, committed 1920K, reserved 1048576K
}
Event: 521.899 GC heap before
{Heap before GC invocations=203 (full 0):
 PSYoungGen      total 118784K, used 118784K [0x00000000d5f00000, 0x00000000dea00000, 0x0000000100000000)
  eden space 117760K, 100% used [0x00000000d5f00000,0x00000000dd200000,0x00000000dd200000)
  from space 1024K, 100% used [0x00000000dd480000,0x00000000dd580000,0x00000000dd580000)
  to   space 2560K, 0% used [0x00000000dd200000,0x00000000dd200000,0x00000000dd480000)
 ParOldGen       total 87552K, used 64360K [0x0000000081c00000, 0x0000000087180000, 0x00000000d5f00000)
  object space 87552K, 73% used [0x0000000081c00000,0x0000000085ada170,0x0000000087180000)
 Metaspace       used 14958K, capacity 15186K, committed 15488K, reserved 1062912K
  class space    used 1819K, capacity 1892K, committed 1920K, reserved 1048576K
Event: 521.904 GC heap after
Heap after GC invocations=203 (full 0):
 PSYoungGen      total 116224K, used 2080K [0x00000000d5f00000, 0x00000000dd500000, 0x0000000100000000)
  eden space 113664K, 0% used [0x00000000d5f00000,0x00000000d5f00000,0x00000000dce00000)
  from space 2560K, 81% used [0x00000000dd200000,0x00000000dd408010,0x00000000dd480000)
  to   space 512K, 0% used [0x00000000dd480000,0x00000000dd480000,0x00000000dd500000)
 ParOldGen       total 87552K, used 65072K [0x0000000081c00000, 0x0000000087180000, 0x00000000d5f00000)
  object space 87552K, 74% used [0x0000000081c00000,0x0000000085b8c170,0x0000000087180000)
 Metaspace       used 14958K, capacity 15186K, committed 15488K, reserved 1062912K
  class space    used 1819K, capacity 1892K, committed 1920K, reserved 1048576K
}
Event: 533.401 GC heap before
{Heap before GC invocations=204 (full 0):
 PSYoungGen      total 116224K, used 115744K [0x00000000d5f00000, 0x00000000dd500000, 0x0000000100000000)
  eden space 113664K, 100% used [0x00000000d5f00000,0x00000000dce00000,0x00000000dce00000)
  from space 2560K, 81% used [0x00000000dd200000,0x00000000dd408010,0x00000000dd480000)
  to   space 512K, 0% used [0x00000000dd480000,0x00000000dd480000,0x00000000dd500000)
 ParOldGen       total 87552K, used 65072K [0x0000000081c00000, 0x0000000087180000, 0x00000000d5f00000)
  object space 87552K, 74% used [0x0000000081c00000,0x0000000085b8c170,0x0000000087180000)
 Metaspace       used 14958K, capacity 15186K, committed 15488K, reserved 1062912K
  class space    used 1819K, capacity 1892K, committed 1920K, reserved 1048576K
Event: 533.584 GC heap after
Heap after GC invocations=204 (full 0):
 PSYoungGen      total 117760K, used 512K [0x00000000d5f00000, 0x00000000dea80000, 0x0000000100000000)
  eden space 117248K, 0% used [0x00000000d5f00000,0x00000000d5f00000,0x00000000dd180000)
  from space 512K, 100% used [0x00000000dd480000,0x00000000dd500000,0x00000000dd500000)
  to   space 3072K, 0% used [0x00000000dd180000,0x00000000dd180000,0x00000000dd480000)
 ParOldGen       total 87552K, used 67248K [0x0000000081c00000, 0x0000000087180000, 0x00000000d5f00000)
  object space 87552K, 76% used [0x0000000081c00000,0x0000000085dac180,0x0000000087180000)
 Metaspace       used 14958K, capacity 15186K, committed 15488K, reserved 1062912K
  class space    used 1819K, capacity 1892K, committed 1920K, reserved 1048576K
}
Event: 547.661 GC heap before
{Heap before GC invocations=205 (full 0):
 PSYoungGen      total 117760K, used 117760K [0x00000000d5f00000, 0x00000000dea80000, 0x0000000100000000)
  eden space 117248K, 100% used [0x00000000d5f00000,0x00000000dd180000,0x00000000dd180000)
  from space 512K, 100% used [0x00000000dd480000,0x00000000dd500000,0x00000000dd500000)
  to   space 3072K, 0% used [0x00000000dd180000,0x00000000dd180000,0x00000000dd480000)
 ParOldGen       total 87552K, used 67248K [0x0000000081c00000, 0x0000000087180000, 0x00000000d5f00000)
  object space 87552K, 76% used [0x0000000081c00000,0x0000000085dac180,0x0000000087180000)
 Metaspace       used 14958K, capacity 15186K, committed 15488K, reserved 1062912K
  class space    used 1819K, capacity 1892K, committed 1920K, reserved 1048576K
Event: 547.829 GC heap after
Heap after GC invocations=205 (full 0):
 PSYoungGen      total 120320K, used 1408K [0x00000000d5f00000, 0x00000000dee80000, 0x0000000100000000)
  eden space 117248K, 0% used [0x00000000d5f00000,0x00000000d5f00000,0x00000000dd180000)
  from space 3072K, 45% used [0x00000000dd180000,0x00000000dd2e0000,0x00000000dd480000)
  to   space 3072K, 0% used [0x00000000deb80000,0x00000000deb80000,0x00000000dee80000)
 ParOldGen       total 87552K, used 67648K [0x0000000081c00000, 0x0000000087180000, 0x00000000d5f00000)
  object space 87552K, 77% used [0x0000000081c00000,0x0000000085e10180,0x0000000087180000)
 Metaspace       used 14958K, capacity 15186K, committed 15488K, reserved 1062912K
  class space    used 1819K, capacity 1892K, committed 1920K, reserved 1048576K
}

Deoptimization events (10 events):
Event: 85.344 Thread 0x000000001a249800 Uncommon trap: reason=unstable_if action=reinterpret pc=0x0000000002ddcce0 method=net.sourceforge.yamlbeans.parser.Parser$18.produce()Lnet/sourceforge/yamlbeans/parser/Event; @ 20
Event: 101.969 Thread 0x000000001a2f1000 Uncommon trap: reason=unstable_if action=reinterpret pc=0x00000000034a6894 method=java.io.ExpiringCache.get(Ljava/lang/String;)Ljava/lang/String; @ 29
Event: 101.970 Thread 0x000000001a2f1000 Uncommon trap: reason=unstable_if action=reinterpret pc=0x00000000034acdb4 method=java.util.HashMap.removeNode(ILjava/lang/Object;Ljava/lang/Object;ZZ)Ljava/util/HashMap$Node; @ 46
Event: 101.970 Thread 0x000000001a2f1000 Uncommon trap: reason=unstable_if action=reinterpret pc=0x00000000034a88b0 method=java.io.ExpiringCache.get(Ljava/lang/String;)Ljava/lang/String; @ 29
Event: 133.620 Thread 0x000000001770a000 Uncommon trap: reason=unstable_if action=reinterpret pc=0x000000000316e5a4 method=java.lang.ref.Finalizer.remove()V @ 10
Event: 553.522 Thread 0x000000001a2f1000 Uncommon trap: reason=unstable_if action=reinterpret pc=0x00000000034de5e4 method=com.sun.media.sound.DirectAudioDevice$DirectDL.implOpen(Ljavax/sound/sampled/AudioFormat;I)V @ 370
Event: 566.267 Thread 0x000000001a2f1000 Uncommon trap: reason=unstable_if action=reinterpret pc=0x000000000343ac90 method=java.lang.ThreadLocal$ThreadLocalMap.getEntry(Ljava/lang/ThreadLocal;)Ljava/lang/ThreadLocal$ThreadLocalMap$Entry; @ 21
Event: 570.633 Thread 0x000000001a2f1000 Uncommon trap: reason=unloaded action=reinterpret pc=0x00000000034e0648 method=com.sun.media.sound.AbstractDataLine.open(Ljavax/sound/sampled/AudioFormat;I)V @ 40
Event: 570.893 Thread 0x000000001a2f1000 Uncommon trap: reason=unstable_if action=reinterpret pc=0x000000000342b698 method=java.util.Vector.indexOf(Ljava/lang/Object;I)I @ 54
Event: 583.007 Thread 0x000000001a2f1000 Uncommon trap: reason=unstable_if action=reinterpret pc=0x000000000341f990 method=java.util.Vector.indexOf(Ljava/lang/Object;I)I @ 54

Internal exceptions (10 events):
Event: 0.283 Thread 0x0000000002af0800 Exception <a 'java/io/FileNotFoundException'> (0x00000000d61b2120) thrown at [C:\re\workspace\8-2-build-windows-amd64-cygwin\jdk8u72\5732\hotspot\src\share\vm\prims\jni.cpp, line 709]
Event: 0.300 Thread 0x0000000002af0800 Implicit null exception at 0x0000000002d61c5b to 0x0000000002d61e0d
Event: 2.468 Thread 0x000000001a249800 Implicit null exception at 0x0000000002f10b57 to 0x0000000002f117fc
Event: 2.468 Thread 0x000000001a249800 Implicit null exception at 0x0000000002f0ad45 to 0x0000000002f0b10d
Event: 2.468 Thread 0x000000001a249800 Implicit null exception at 0x0000000002f03528 to 0x0000000002f0370d
Event: 2.488 Thread 0x000000001a249800 Implicit null exception at 0x0000000002f15634 to 0x0000000002f1582d
Event: 53.366 Thread 0x000000001a249800 Implicit null exception at 0x000000000322f1b7 to 0x0000000003230ead
Event: 101.969 Thread 0x000000001a2f1000 Implicit null exception at 0x00000000034a6670 to 0x00000000034a6875
Event: 101.970 Thread 0x000000001a2f1000 Implicit null exception at 0x00000000034a8734 to 0x00000000034a88a0
Event: 565.345 Thread 0x000000001a2f1000 Implicit null exception at 0x000000000343abfb to 0x000000000343ac71

Events (10 events):
Event: 588.739 Thread 0x000000001a2f1000 DEOPT PACKING pc=0x0000000002d6abf8 sp=0x000000001c88efa0
Event: 588.739 Thread 0x000000001a2f1000 DEOPT UNPACKING pc=0x0000000002c3787f sp=0x000000001c88ecd8 mode 0
Event: 588.741 Thread 0x000000001a2f1000 DEOPT PACKING pc=0x0000000002d6abf8 sp=0x000000001c88f050
Event: 588.741 Thread 0x000000001a2f1000 DEOPT UNPACKING pc=0x0000000002c3787f sp=0x000000001c88ed70 mode 0
Event: 588.746 Thread 0x000000001a2f1000 DEOPT PACKING pc=0x0000000002d6abf8 sp=0x000000001c88efa0
Event: 588.746 Thread 0x000000001a2f1000 DEOPT UNPACKING pc=0x0000000002c3787f sp=0x000000001c88ecd8 mode 0
Event: 588.747 Thread 0x000000001a2f1000 DEOPT PACKING pc=0x0000000002d6abf8 sp=0x000000001c88f050
Event: 588.747 Thread 0x000000001a2f1000 DEOPT UNPACKING pc=0x0000000002c3787f sp=0x000000001c88ed70 mode 0
Event: 588.754 Thread 0x000000001a2f1000 DEOPT PACKING pc=0x0000000002d6abf8 sp=0x000000001c88efa0
Event: 588.754 Thread 0x000000001a2f1000 DEOPT UNPACKING pc=0x0000000002c3787f sp=0x000000001c88ecd8 mode 0


Dynamic libraries:
0x00007ff6fecf0000 - 0x00007ff6fed27000 	C:\Program Files\Java\jre1.8.0_72\bin\javaw.exe
0x00007ff976770000 - 0x00007ff97691d000 	C:\Windows\SYSTEM32\ntdll.dll
0x00007ff973f50000 - 0x00007ff97408a000 	C:\Windows\system32\KERNEL32.DLL
0x00007ff973e30000 - 0x00007ff973f45000 	C:\Windows\system32\KERNELBASE.dll
0x00007ff972630000 - 0x00007ff9726b8000 	C:\Windows\system32\apphelp.dll
0x00007ff965a20000 - 0x00007ff965a6f000 	C:\Windows\AppPatch\AppPatch64\AcGenral.DLL
0x00007ff975f50000 - 0x00007ff975ff7000 	C:\Windows\system32\msvcrt.dll
0x00007ff9737f0000 - 0x00007ff97381b000 	C:\Windows\SYSTEM32\SspiCli.dll
0x00007ff974a60000 - 0x00007ff974ab1000 	C:\Windows\system32\SHLWAPI.dll
0x00007ff976200000 - 0x00007ff976377000 	C:\Windows\system32\USER32.dll
0x00007ff976000000 - 0x00007ff976194000 	C:\Windows\system32\ole32.dll
0x00007ff974b30000 - 0x00007ff975f47000 	C:\Windows\system32\SHELL32.dll
0x00007ff973010000 - 0x00007ff97302e000 	C:\Windows\SYSTEM32\USERENV.dll
0x00007ff974970000 - 0x00007ff974a1a000 	C:\Windows\system32\ADVAPI32.dll
0x00007ff96bb90000 - 0x00007ff96bbab000 	C:\Windows\SYSTEM32\MPR.dll
0x00007ff9742e0000 - 0x00007ff974416000 	C:\Windows\system32\RPCRT4.dll
0x00007ff974ac0000 - 0x00007ff974b19000 	C:\Windows\SYSTEM32\sechost.dll
0x00007ff974420000 - 0x00007ff974631000 	C:\Windows\SYSTEM32\combase.dll
0x00007ff974820000 - 0x00007ff974970000 	C:\Windows\system32\GDI32.dll
0x00007ff973a30000 - 0x00007ff973a44000 	C:\Windows\SYSTEM32\profapi.dll
0x00007ff972040000 - 0x00007ff9720df000 	C:\Windows\SYSTEM32\SHCORE.dll
0x00007ff974a20000 - 0x00007ff974a54000 	C:\Windows\system32\IMM32.DLL
0x00007ff9763b0000 - 0x00007ff976501000 	C:\Windows\system32\MSCTF.dll
0x00007ff971640000 - 0x00007ff9718ba000 	C:\Windows\WinSxS\amd64_microsoft.windows.common-controls_6595b64144ccf1df_6.0.9600.17810_none_6240b9c7ecbd0bda\COMCTL32.dll
0x0000000064190000 - 0x0000000064262000 	C:\Program Files\Java\jre1.8.0_72\bin\msvcr100.dll
0x0000000064440000 - 0x0000000064cd0000 	C:\Program Files\Java\jre1.8.0_72\bin\server\jvm.dll
0x00007ff957db0000 - 0x00007ff957db9000 	C:\Windows\SYSTEM32\WSOCK32.dll
0x00007ff96ba00000 - 0x00007ff96ba1f000 	C:\Windows\SYSTEM32\WINMM.dll
0x00007ff971480000 - 0x00007ff97148a000 	C:\Windows\SYSTEM32\VERSION.dll
0x00007ff976380000 - 0x00007ff976387000 	C:\Windows\system32\PSAPI.DLL
0x00007ff9761a0000 - 0x00007ff9761f8000 	C:\Windows\system32\WS2_32.dll
0x00007ff96b9d0000 - 0x00007ff96b9fa000 	C:\Windows\SYSTEM32\WINMMBASE.dll
0x00007ff974260000 - 0x00007ff974269000 	C:\Windows\system32\NSI.dll
0x00007ff973de0000 - 0x00007ff973e2a000 	C:\Windows\SYSTEM32\cfgmgr32.dll
0x00007ff972880000 - 0x00007ff9728a6000 	C:\Windows\SYSTEM32\DEVOBJ.dll
0x0000000064430000 - 0x000000006443f000 	C:\Program Files\Java\jre1.8.0_72\bin\verify.dll
0x0000000064400000 - 0x0000000064429000 	C:\Program Files\Java\jre1.8.0_72\bin\java.dll
0x00000000643e0000 - 0x00000000643f6000 	C:\Program Files\Java\jre1.8.0_72\bin\zip.dll
0x0000000063ff0000 - 0x0000000064188000 	C:\Program Files\Java\jre1.8.0_72\bin\awt.dll
0x00007ff974090000 - 0x00007ff974151000 	C:\Windows\system32\OLEAUT32.dll
0x00007ff972700000 - 0x00007ff972821000 	C:\Windows\system32\uxtheme.dll
0x00007ff971e70000 - 0x00007ff971e90000 	C:\Windows\system32\dwmapi.dll
0x00007ff9728d0000 - 0x00007ff9728da000 	C:\Windows\SYSTEM32\kernel.appcore.dll
0x00007ff9738a0000 - 0x00007ff9738aa000 	C:\Windows\SYSTEM32\CRYPTBASE.dll
0x00007ff973830000 - 0x00007ff973893000 	C:\Windows\SYSTEM32\bcryptPrimitives.dll
0x0000000063fa0000 - 0x0000000063fe7000 	C:\Program Files\Java\jre1.8.0_72\bin\fontmanager.dll
0x00000000643c0000 - 0x00000000643da000 	C:\Program Files\Java\jre1.8.0_72\bin\net.dll
0x00007ff973260000 - 0x00007ff9732b8000 	C:\Windows\system32\mswsock.dll
0x00000000643a0000 - 0x00000000643b1000 	C:\Program Files\Java\jre1.8.0_72\bin\nio.dll
0x0000000063f50000 - 0x0000000063f92000 	C:\Program Files\Java\jre1.8.0_72\bin\t2k.dll
0x0000000063f10000 - 0x0000000063f41000 	C:\Program Files\Java\jre1.8.0_72\bin\jpeg.dll
0x0000000063ed0000 - 0x0000000063f0c000 	C:\Program Files\Java\jre1.8.0_72\bin\lcms.dll
0x00007ff9766c0000 - 0x00007ff976764000 	C:\Windows\SYSTEM32\clbcatq.dll
0x00007ff971cc0000 - 0x00007ff971e6e000 	C:\Windows\SYSTEM32\WindowsCodecs.dll
0x00007ff9732c0000 - 0x00007ff9732de000 	C:\Windows\SYSTEM32\CRYPTSP.dll
0x00007ff972f00000 - 0x00007ff972f35000 	C:\Windows\system32\rsaenh.dll
0x00007ff973500000 - 0x00007ff973526000 	C:\Windows\SYSTEM32\bcrypt.dll
0x0000000063ec0000 - 0x0000000063ecc000 	C:\Program Files\Java\jre1.8.0_72\bin\jsound.dll
0x0000000063eb0000 - 0x0000000063ebb000 	C:\Program Files\Java\jre1.8.0_72\bin\jsoundds.dll
0x00007ff958a00000 - 0x00007ff958a87000 	C:\Windows\SYSTEM32\DSOUND.dll
0x00007ff9739d0000 - 0x00007ff973a15000 	C:\Windows\SYSTEM32\POWRPROF.dll
0x00007ff970bd0000 - 0x00007ff970c32000 	C:\Windows\SYSTEM32\MMDevAPI.DLL
0x00007ff96c090000 - 0x00007ff96c0cc000 	C:\Windows\SYSTEM32\wdmaud.drv
0x00007ff9706c0000 - 0x00007ff9706c8000 	C:\Windows\SYSTEM32\ksuser.dll
0x00007ff971ae0000 - 0x00007ff971aeb000 	C:\Windows\SYSTEM32\AVRT.dll
0x00007ff969810000 - 0x00007ff969886000 	C:\Windows\SYSTEM32\AUDIOSES.DLL
0x00007ff96d140000 - 0x00007ff96d14b000 	C:\Windows\SYSTEM32\msacm32.drv
0x00007ff94cf20000 - 0x00007ff94cf3b000 	C:\Windows\SYSTEM32\MSACM32.dll
0x00007ff96d120000 - 0x00007ff96d12a000 	C:\Windows\SYSTEM32\midimap.dll
0x0000000063e80000 - 0x0000000063eaa000 	C:\Program Files\Java\jre1.8.0_72\bin\dcpr.dll

VM Arguments:
jvm_args: -Dfile.encoding=Cp1252 
java_command: controleurs.Pandemia
java_class_path (initial): C:\Users\user\workspace\Pandemie\bin;C:\Users\user\workspace\Pandemie\lib\yamlbeans-1.0.jar
Launcher Type: SUN_STANDARD

Environment Variables:
JAVA_HOME=C:\Program Files\Java\jdk1.8.0_72
CLASSPATH=.;
PATH=C:/Program Files/Java/jre1.8.0_72/bin/server;C:/Program Files/Java/jre1.8.0_72/bin;C:/Program Files/Java/jre1.8.0_72/lib/amd64;C:\Program Files\scicoslab-4.4.1\bin;C:\Python34\;C:\Python34\Scripts;C:\ProgramData\Oracle\Java\javapath;C:\Program Files (x86)\Intel\iCLS Client\;C:\Program Files\Intel\iCLS Client\;C:\Windows\system32;C:\Windows;C:\Windows\System32\Wbem;C:\Windows\System32\WindowsPowerShell\v1.0\;C:\Program Files\Intel\Intel(R) Management Engine Components\DAL;C:\Program Files\Intel\Intel(R) Management Engine Components\IPT;C:\Program Files (x86)\Intel\Intel(R) Management Engine Components\DAL;C:\Program Files (x86)\Intel\Intel(R) Management Engine Components\IPT;C:\Program Files (x86)\ATI Technologies\ATI.ACE\Core-Static;C:\Program Files\Acer\Remote Files\;C:\Program Files\Java\jdk1.7.0_79\bin;C:\Program Files\Java\jdk1.8.0_72\bin;C:\Program Files\Git\cmd;C:\ProgramData\chocolatey\bin;;C:\Program Files\Eclipse Foundation\4.5.1\eclipse;
USERNAME=user
OS=Windows_NT
PROCESSOR_IDENTIFIER=Intel64 Family 6 Model 69 Stepping 1, GenuineIntel



---------------  S Y S T E M  ---------------

OS: Windows 8.1 , 64 bit Build 9600 (6.3.9600.17056)

CPU:total 4 (2 cores per cpu, 2 threads per core) family 6 model 69 stepping 1, cmov, cx8, fxsr, mmx, sse, sse2, sse3, ssse3, sse4.1, sse4.2, popcnt, avx, avx2, aes, clmul, erms, lzcnt, ht, tsc, tscinvbit, bmi1, bmi2

Memory: 4k page, physical 8266008k(247784k free), swap 33431832k(3408k free)

vm_info: Java HotSpot(TM) 64-Bit Server VM (25.72-b15) for windows-amd64 JRE (1.8.0_72-b15), built on Dec 22 2015 19:16:16 by "java_re" with MS VC++ 10.0 (VS2010)

time: Thu Apr 07 19:42:47 2016
elapsed time: 604 seconds (0d 0h 10m 4s)

